Determining if the pthread_create exist failed with the following output:
Change Dir: /workspace/softgym/PyFlex/bindings/build/CMakeFiles/CMakeTmp

Run Build Command(s):/usr/bin/make cmTC_47e2c/fast 
/usr/bin/make -f CMakeFiles/cmTC_47e2c.dir/build.make CMakeFiles/cmTC_47e2c.dir/build
make[1]: Entering directory '/workspace/softgym/PyFlex/bindings/build/CMakeFiles/CMakeTmp'
Building C object CMakeFiles/cmTC_47e2c.dir/CheckSymbolExists.c.o
/usr/bin/cc   -fPIC    -o CMakeFiles/cmTC_47e2c.dir/CheckSymbolExists.c.o   -c /workspace/softgym/PyFlex/bindings/build/CMakeFiles/CMakeTmp/CheckSymbolExists.c
Linking C executable cmTC_47e2c
/home/rg/anaconda3/envs/softgym/bin/cmake -E cmake_link_script CMakeFiles/cmTC_47e2c.dir/link.txt --verbose=1
/usr/bin/cc -fPIC     CMakeFiles/cmTC_47e2c.dir/CheckSymbolExists.c.o  -o cmTC_47e2c 
CMakeFiles/cmTC_47e2c.dir/CheckSymbolExists.c.o: In function `main':
CheckSymbolExists.c:(.text+0x1b): undefined reference to `pthread_create'
collect2: error: ld returned 1 exit status
CMakeFiles/cmTC_47e2c.dir/build.make:86: recipe for target 'cmTC_47e2c' failed
make[1]: *** [cmTC_47e2c] Error 1
make[1]: Leaving directory '/workspace/softgym/PyFlex/bindings/build/CMakeFiles/CMakeTmp'
Makefile:121: recipe for target 'cmTC_47e2c/fast' failed
make: *** [cmTC_47e2c/fast] Error 2

File /workspace/softgym/PyFlex/bindings/build/CMakeFiles/CMakeTmp/CheckSymbolExists.c:
/* */
#include <pthread.h>

int main(int argc, char** argv)
{
  (void)argv;
#ifndef pthread_create
  return ((int*)(&pthread_create))[argc];
#else
  (void)argc;
  return 0;
#endif
}

Determining if the function pthread_create exists in the pthreads failed with the following output:
Change Dir: /workspace/softgym/PyFlex/bindings/build/CMakeFiles/CMakeTmp

Run Build Command(s):/usr/bin/make cmTC_4f28f/fast 
/usr/bin/make -f CMakeFiles/cmTC_4f28f.dir/build.make CMakeFiles/cmTC_4f28f.dir/build
make[1]: Entering directory '/workspace/softgym/PyFlex/bindings/build/CMakeFiles/CMakeTmp'
Building C object CMakeFiles/cmTC_4f28f.dir/CheckFunctionExists.c.o
/usr/bin/cc   -fPIC -DCHECK_FUNCTION_EXISTS=pthread_create   -o CMakeFiles/cmTC_4f28f.dir/CheckFunctionExists.c.o   -c /home/rg/anaconda3/envs/softgym/share/cmake-3.14/Modules/CheckFunctionExists.c
Linking C executable cmTC_4f28f
/home/rg/anaconda3/envs/softgym/bin/cmake -E cmake_link_script CMakeFiles/cmTC_4f28f.dir/link.txt --verbose=1
/usr/bin/cc -fPIC -DCHECK_FUNCTION_EXISTS=pthread_create    CMakeFiles/cmTC_4f28f.dir/CheckFunctionExists.c.o  -o cmTC_4f28f -lpthreads 
/usr/bin/ld: cannot find -lpthreads
collect2: error: ld returned 1 exit status
CMakeFiles/cmTC_4f28f.dir/build.make:86: recipe for target 'cmTC_4f28f' failed
make[1]: *** [cmTC_4f28f] Error 1
make[1]: Leaving directory '/workspace/softgym/PyFlex/bindings/build/CMakeFiles/CMakeTmp'
Makefile:121: recipe for target 'cmTC_4f28f/fast' failed
make: *** [cmTC_4f28f/fast] Error 2


